<?xml version="1.0" encoding="UTF-8"?><testsuite name="nosetests" tests="2" errors="2" failures="0" skip="0"><testcase classname="test_login.TestLogin" name="test_something" time="8.277"><error type="selenium.common.exceptions.NoSuchWindowException" message='Message: no such window: window was already closed&#10;  (Session info: chrome=83.0.4103.61)&#10;&#10;-------------------- &gt;&gt; begin captured logging &lt;&lt; --------------------&#10;selenium.webdriver.remote.remote_connection: DEBUG: POST http://127.0.0.1:50116/session {"capabilities": {"alwaysMatch": {"goog:chromeOptions": {"args": [], "extensions": []}, "browserName": "chrome", "platformName": "any"}, "firstMatch": [{}]}, "desiredCapabilities": {"goog:chromeOptions": {"args": [], "extensions": []}, "platform": "ANY", "browserName": "chrome", "version": ""}}&#10;selenium.webdriver.remote.remote_connection: DEBUG: Finished Request&#10;selenium.webdriver.remote.remote_connection: DEBUG: POST http://127.0.0.1:50116/session/14a81f5a8636a4daf065f0ec8b9cdfd9/url {"url": "https://www.test.com"}&#10;selenium.webdriver.remote.remote_connection: DEBUG: Finished Request&#10;selenium.webdriver.remote.remote_connection: DEBUG: GET http://127.0.0.1:50116/session/14a81f5a8636a4daf065f0ec8b9cdfd9/title {}&#10;selenium.webdriver.remote.remote_connection: DEBUG: Finished Request&#10;selenium.webdriver.remote.remote_connection: DEBUG: POST http://127.0.0.1:50116/session/14a81f5a8636a4daf065f0ec8b9cdfd9/element {"using": "css selector", "value": "[name=\"username\"]"}&#10;selenium.webdriver.remote.remote_connection: DEBUG: Finished Request&#10;selenium.webdriver.remote.remote_connection: DEBUG: POST http://127.0.0.1:50116/session/14a81f5a8636a4daf065f0ec8b9cdfd9/element {"using": "css selector", "value": "[name=\"username\"]"}&#10;selenium.webdriver.remote.remote_connection: DEBUG: Finished Request&#10;selenium.webdriver.remote.remote_connection: DEBUG: POST http://127.0.0.1:50116/session/14a81f5a8636a4daf065f0ec8b9cdfd9/element {"using": "css selector", "value": "[name=\"username\"]"}&#10;selenium.webdriver.remote.remote_connection: DEBUG: Finished Request&#10;selenium.webdriver.remote.remote_connection: DEBUG: POST http://127.0.0.1:50116/session/14a81f5a8636a4daf065f0ec8b9cdfd9/element {"using": "css selector", "value": "[name=\"username\"]"}&#10;selenium.webdriver.remote.remote_connection: DEBUG: Finished Request&#10;selenium.webdriver.remote.remote_connection: DEBUG: POST http://127.0.0.1:50116/session/14a81f5a8636a4daf065f0ec8b9cdfd9/element {"using": "css selector", "value": "[name=\"username\"]"}&#10;selenium.webdriver.remote.remote_connection: DEBUG: Finished Request&#10;selenium.webdriver.remote.remote_connection: DEBUG: POST http://127.0.0.1:50116/session/14a81f5a8636a4daf065f0ec8b9cdfd9/element {"using": "css selector", "value": "[name=\"username\"]"}&#10;selenium.webdriver.remote.remote_connection: DEBUG: Finished Request&#10;selenium.webdriver.remote.remote_connection: DEBUG: POST http://127.0.0.1:50116/session/14a81f5a8636a4daf065f0ec8b9cdfd9/element {"using": "css selector", "value": "[name=\"username\"]"}&#10;selenium.webdriver.remote.remote_connection: DEBUG: Finished Request&#10;selenium.webdriver.remote.remote_connection: DEBUG: POST http://127.0.0.1:50116/session/14a81f5a8636a4daf065f0ec8b9cdfd9/element {"using": "css selector", "value": "[name=\"username\"]"}&#10;selenium.webdriver.remote.remote_connection: DEBUG: Finished Request&#10;--------------------- &gt;&gt; end captured logging &lt;&lt; ---------------------'><![CDATA[  File "/System/Library/Frameworks/Python.framework/Versions/2.7/lib/python2.7/unittest/case.py", line 329, in run
    testMethod()
  File "/Library/Python/2.7/site-packages/nose/case.py", line 197, in runTest
    self.test(*self.arg)
  File "/Users/liliya/Blue Apron/examples/selenium-python-nose-boilerplate/test_scripts/test_login.py", line 14, in test_something
    login_page.email_input = "hentest@test.com"
  File "/Users/liliya/Blue Apron/examples/selenium-python-nose-boilerplate/pages/base_page.py", line 19, in __set__
    lambda driver: driver.find_element(*self.locator))
  File "/Library/Python/2.7/site-packages/selenium/webdriver/support/wait.py", line 71, in until
    value = method(self._driver)
  File "/Users/liliya/Blue Apron/examples/selenium-python-nose-boilerplate/pages/base_page.py", line 19, in <lambda>
    lambda driver: driver.find_element(*self.locator))
  File "/Library/Python/2.7/site-packages/selenium/webdriver/remote/webdriver.py", line 955, in find_element
    'value': value})['value']
  File "/Library/Python/2.7/site-packages/selenium/webdriver/remote/webdriver.py", line 312, in execute
    self.error_handler.check_response(response)
  File "/Library/Python/2.7/site-packages/selenium/webdriver/remote/errorhandler.py", line 242, in check_response
    raise exception_class(message, screen, stacktrace)
'Message: no such window: window was already closed\n  (Session info: chrome=83.0.4103.61)\n\n-------------------- >> begin captured logging << --------------------\nselenium.webdriver.remote.remote_connection: DEBUG: POST http://127.0.0.1:50116/session {"capabilities": {"alwaysMatch": {"goog:chromeOptions": {"args": [], "extensions": []}, "browserName": "chrome", "platformName": "any"}, "firstMatch": [{}]}, "desiredCapabilities": {"goog:chromeOptions": {"args": [], "extensions": []}, "platform": "ANY", "browserName": "chrome", "version": ""}}\nselenium.webdriver.remote.remote_connection: DEBUG: Finished Request\nselenium.webdriver.remote.remote_connection: DEBUG: POST http://127.0.0.1:50116/session/14a81f5a8636a4daf065f0ec8b9cdfd9/url {"url": "https://www.test.com"}\nselenium.webdriver.remote.remote_connection: DEBUG: Finished Request\nselenium.webdriver.remote.remote_connection: DEBUG: GET http://127.0.0.1:50116/session/14a81f5a8636a4daf065f0ec8b9cdfd9/title {}\nselenium.webdriver.remote.remote_connection: DEBUG: Finished Request\nselenium.webdriver.remote.remote_connection: DEBUG: POST http://127.0.0.1:50116/session/14a81f5a8636a4daf065f0ec8b9cdfd9/element {"using": "css selector", "value": "[name=\\"username\\"]"}\nselenium.webdriver.remote.remote_connection: DEBUG: Finished Request\nselenium.webdriver.remote.remote_connection: DEBUG: POST http://127.0.0.1:50116/session/14a81f5a8636a4daf065f0ec8b9cdfd9/element {"using": "css selector", "value": "[name=\\"username\\"]"}\nselenium.webdriver.remote.remote_connection: DEBUG: Finished Request\nselenium.webdriver.remote.remote_connection: DEBUG: POST http://127.0.0.1:50116/session/14a81f5a8636a4daf065f0ec8b9cdfd9/element {"using": "css selector", "value": "[name=\\"username\\"]"}\nselenium.webdriver.remote.remote_connection: DEBUG: Finished Request\nselenium.webdriver.remote.remote_connection: DEBUG: POST http://127.0.0.1:50116/session/14a81f5a8636a4daf065f0ec8b9cdfd9/element {"using": "css selector", "value": "[name=\\"username\\"]"}\nselenium.webdriver.remote.remote_connection: DEBUG: Finished Request\nselenium.webdriver.remote.remote_connection: DEBUG: POST http://127.0.0.1:50116/session/14a81f5a8636a4daf065f0ec8b9cdfd9/element {"using": "css selector", "value": "[name=\\"username\\"]"}\nselenium.webdriver.remote.remote_connection: DEBUG: Finished Request\nselenium.webdriver.remote.remote_connection: DEBUG: POST http://127.0.0.1:50116/session/14a81f5a8636a4daf065f0ec8b9cdfd9/element {"using": "css selector", "value": "[name=\\"username\\"]"}\nselenium.webdriver.remote.remote_connection: DEBUG: Finished Request\nselenium.webdriver.remote.remote_connection: DEBUG: POST http://127.0.0.1:50116/session/14a81f5a8636a4daf065f0ec8b9cdfd9/element {"using": "css selector", "value": "[name=\\"username\\"]"}\nselenium.webdriver.remote.remote_connection: DEBUG: Finished Request\nselenium.webdriver.remote.remote_connection: DEBUG: POST http://127.0.0.1:50116/session/14a81f5a8636a4daf065f0ec8b9cdfd9/element {"using": "css selector", "value": "[name=\\"username\\"]"}\nselenium.webdriver.remote.remote_connection: DEBUG: Finished Request\n--------------------- >> end captured logging << ---------------------']]></error></testcase><testcase classname="test_login.TestLogin" name="test_something" time="8.285"><error type="selenium.common.exceptions.NoSuchWindowException" message='Message: no such window: target window already closed&#10;from unknown error: web view not found&#10;  (Session info: chrome=83.0.4103.61)&#10;&#10;-------------------- &gt;&gt; begin captured logging &lt;&lt; --------------------&#10;selenium.webdriver.remote.remote_connection: DEBUG: POST http://127.0.0.1:50116/session {"capabilities": {"alwaysMatch": {"goog:chromeOptions": {"args": [], "extensions": []}, "browserName": "chrome", "platformName": "any"}, "firstMatch": [{}]}, "desiredCapabilities": {"goog:chromeOptions": {"args": [], "extensions": []}, "platform": "ANY", "browserName": "chrome", "version": ""}}&#10;selenium.webdriver.remote.remote_connection: DEBUG: Finished Request&#10;selenium.webdriver.remote.remote_connection: DEBUG: POST http://127.0.0.1:50116/session/14a81f5a8636a4daf065f0ec8b9cdfd9/url {"url": "https://www.test.com"}&#10;selenium.webdriver.remote.remote_connection: DEBUG: Finished Request&#10;selenium.webdriver.remote.remote_connection: DEBUG: GET http://127.0.0.1:50116/session/14a81f5a8636a4daf065f0ec8b9cdfd9/title {}&#10;selenium.webdriver.remote.remote_connection: DEBUG: Finished Request&#10;selenium.webdriver.remote.remote_connection: DEBUG: POST http://127.0.0.1:50116/session/14a81f5a8636a4daf065f0ec8b9cdfd9/element {"using": "css selector", "value": "[name=\"username\"]"}&#10;selenium.webdriver.remote.remote_connection: DEBUG: Finished Request&#10;selenium.webdriver.remote.remote_connection: DEBUG: POST http://127.0.0.1:50116/session/14a81f5a8636a4daf065f0ec8b9cdfd9/element {"using": "css selector", "value": "[name=\"username\"]"}&#10;selenium.webdriver.remote.remote_connection: DEBUG: Finished Request&#10;selenium.webdriver.remote.remote_connection: DEBUG: POST http://127.0.0.1:50116/session/14a81f5a8636a4daf065f0ec8b9cdfd9/element {"using": "css selector", "value": "[name=\"username\"]"}&#10;selenium.webdriver.remote.remote_connection: DEBUG: Finished Request&#10;selenium.webdriver.remote.remote_connection: DEBUG: POST http://127.0.0.1:50116/session/14a81f5a8636a4daf065f0ec8b9cdfd9/element {"using": "css selector", "value": "[name=\"username\"]"}&#10;selenium.webdriver.remote.remote_connection: DEBUG: Finished Request&#10;selenium.webdriver.remote.remote_connection: DEBUG: POST http://127.0.0.1:50116/session/14a81f5a8636a4daf065f0ec8b9cdfd9/element {"using": "css selector", "value": "[name=\"username\"]"}&#10;selenium.webdriver.remote.remote_connection: DEBUG: Finished Request&#10;selenium.webdriver.remote.remote_connection: DEBUG: POST http://127.0.0.1:50116/session/14a81f5a8636a4daf065f0ec8b9cdfd9/element {"using": "css selector", "value": "[name=\"username\"]"}&#10;selenium.webdriver.remote.remote_connection: DEBUG: Finished Request&#10;selenium.webdriver.remote.remote_connection: DEBUG: POST http://127.0.0.1:50116/session/14a81f5a8636a4daf065f0ec8b9cdfd9/element {"using": "css selector", "value": "[name=\"username\"]"}&#10;selenium.webdriver.remote.remote_connection: DEBUG: Finished Request&#10;selenium.webdriver.remote.remote_connection: DEBUG: POST http://127.0.0.1:50116/session/14a81f5a8636a4daf065f0ec8b9cdfd9/element {"using": "css selector", "value": "[name=\"username\"]"}&#10;selenium.webdriver.remote.remote_connection: DEBUG: Finished Request&#10;selenium.webdriver.remote.remote_connection: DEBUG: DELETE http://127.0.0.1:50116/session/14a81f5a8636a4daf065f0ec8b9cdfd9/window {}&#10;selenium.webdriver.remote.remote_connection: DEBUG: Finished Request&#10;--------------------- &gt;&gt; end captured logging &lt;&lt; ---------------------'><![CDATA[  File "/System/Library/Frameworks/Python.framework/Versions/2.7/lib/python2.7/unittest/case.py", line 358, in run
    self.tearDown()
  File "/Library/Python/2.7/site-packages/nose/case.py", line 384, in tearDown
    try_run(self.inst, ('teardown', 'tearDown'))
  File "/Library/Python/2.7/site-packages/nose/util.py", line 471, in try_run
    return func()
  File "/Users/liliya/Blue Apron/examples/selenium-python-nose-boilerplate/test_scripts/test_login.py", line 20, in tearDown
    self.driver.close()
  File "/Library/Python/2.7/site-packages/selenium/webdriver/remote/webdriver.py", line 679, in close
    self.execute(Command.CLOSE)
  File "/Library/Python/2.7/site-packages/selenium/webdriver/remote/webdriver.py", line 312, in execute
    self.error_handler.check_response(response)
  File "/Library/Python/2.7/site-packages/selenium/webdriver/remote/errorhandler.py", line 242, in check_response
    raise exception_class(message, screen, stacktrace)
'Message: no such window: target window already closed\nfrom unknown error: web view not found\n  (Session info: chrome=83.0.4103.61)\n\n-------------------- >> begin captured logging << --------------------\nselenium.webdriver.remote.remote_connection: DEBUG: POST http://127.0.0.1:50116/session {"capabilities": {"alwaysMatch": {"goog:chromeOptions": {"args": [], "extensions": []}, "browserName": "chrome", "platformName": "any"}, "firstMatch": [{}]}, "desiredCapabilities": {"goog:chromeOptions": {"args": [], "extensions": []}, "platform": "ANY", "browserName": "chrome", "version": ""}}\nselenium.webdriver.remote.remote_connection: DEBUG: Finished Request\nselenium.webdriver.remote.remote_connection: DEBUG: POST http://127.0.0.1:50116/session/14a81f5a8636a4daf065f0ec8b9cdfd9/url {"url": "https://www.test.com"}\nselenium.webdriver.remote.remote_connection: DEBUG: Finished Request\nselenium.webdriver.remote.remote_connection: DEBUG: GET http://127.0.0.1:50116/session/14a81f5a8636a4daf065f0ec8b9cdfd9/title {}\nselenium.webdriver.remote.remote_connection: DEBUG: Finished Request\nselenium.webdriver.remote.remote_connection: DEBUG: POST http://127.0.0.1:50116/session/14a81f5a8636a4daf065f0ec8b9cdfd9/element {"using": "css selector", "value": "[name=\\"username\\"]"}\nselenium.webdriver.remote.remote_connection: DEBUG: Finished Request\nselenium.webdriver.remote.remote_connection: DEBUG: POST http://127.0.0.1:50116/session/14a81f5a8636a4daf065f0ec8b9cdfd9/element {"using": "css selector", "value": "[name=\\"username\\"]"}\nselenium.webdriver.remote.remote_connection: DEBUG: Finished Request\nselenium.webdriver.remote.remote_connection: DEBUG: POST http://127.0.0.1:50116/session/14a81f5a8636a4daf065f0ec8b9cdfd9/element {"using": "css selector", "value": "[name=\\"username\\"]"}\nselenium.webdriver.remote.remote_connection: DEBUG: Finished Request\nselenium.webdriver.remote.remote_connection: DEBUG: POST http://127.0.0.1:50116/session/14a81f5a8636a4daf065f0ec8b9cdfd9/element {"using": "css selector", "value": "[name=\\"username\\"]"}\nselenium.webdriver.remote.remote_connection: DEBUG: Finished Request\nselenium.webdriver.remote.remote_connection: DEBUG: POST http://127.0.0.1:50116/session/14a81f5a8636a4daf065f0ec8b9cdfd9/element {"using": "css selector", "value": "[name=\\"username\\"]"}\nselenium.webdriver.remote.remote_connection: DEBUG: Finished Request\nselenium.webdriver.remote.remote_connection: DEBUG: POST http://127.0.0.1:50116/session/14a81f5a8636a4daf065f0ec8b9cdfd9/element {"using": "css selector", "value": "[name=\\"username\\"]"}\nselenium.webdriver.remote.remote_connection: DEBUG: Finished Request\nselenium.webdriver.remote.remote_connection: DEBUG: POST http://127.0.0.1:50116/session/14a81f5a8636a4daf065f0ec8b9cdfd9/element {"using": "css selector", "value": "[name=\\"username\\"]"}\nselenium.webdriver.remote.remote_connection: DEBUG: Finished Request\nselenium.webdriver.remote.remote_connection: DEBUG: POST http://127.0.0.1:50116/session/14a81f5a8636a4daf065f0ec8b9cdfd9/element {"using": "css selector", "value": "[name=\\"username\\"]"}\nselenium.webdriver.remote.remote_connection: DEBUG: Finished Request\nselenium.webdriver.remote.remote_connection: DEBUG: DELETE http://127.0.0.1:50116/session/14a81f5a8636a4daf065f0ec8b9cdfd9/window {}\nselenium.webdriver.remote.remote_connection: DEBUG: Finished Request\n--------------------- >> end captured logging << ---------------------']]></error></testcase></testsuite>